<?xml version="1.0" encoding="UTF-8"?>
<testsuite name="com.ceos20.instagram.PostRepositoryTest" tests="1" skipped="0" failures="0" errors="0" timestamp="2024-09-11T08:25:21" hostname="gim-yeonsuui-MacBookPro.local" time="0.335">
  <properties/>
  <testcase name="saveAndQueryPost_withUser()" classname="com.ceos20.instagram.PostRepositoryTest" time="0.335"/>
  <system-out><![CDATA[17:25:20.007 [Test worker] INFO org.springframework.test.context.support.AnnotationConfigContextLoaderUtils -- Could not detect default configuration classes for test class [com.ceos20.instagram.PostRepositoryTest]: PostRepositoryTest does not declare any static, non-private, non-final, nested classes annotated with @Configuration.
17:25:20.038 [Test worker] INFO org.springframework.boot.test.context.SpringBootTestContextBootstrapper -- Found @SpringBootConfiguration com.ceos20.instagram.InstagramApplication for test class com.ceos20.instagram.PostRepositoryTest

  .   ____          _            __ _ _
 /\\ / ___'_ __ _ _(_)_ __  __ _ \ \ \ \
( ( )\___ | '_ | '_| | '_ \/ _` | \ \ \ \
 \\/  ___)| |_)| | | | | || (_| |  ) ) ) )
  '  |____| .__|_| |_|_| |_\__, | / / / /
 =========|_|==============|___/=/_/_/_/

 :: Spring Boot ::                (v3.3.3)

2024-09-11T17:25:20.155+09:00  INFO 57843 --- [    Test worker] c.ceos20.instagram.PostRepositoryTest    : Starting PostRepositoryTest using Java 17.0.12 with PID 57843 (started by yeonsookim in /Users/yeonsookim/spring-instagram-20th)
2024-09-11T17:25:20.156+09:00  INFO 57843 --- [    Test worker] c.ceos20.instagram.PostRepositoryTest    : No active profile set, falling back to 1 default profile: "default"
2024-09-11T17:25:20.323+09:00  INFO 57843 --- [    Test worker] .s.d.r.c.RepositoryConfigurationDelegate : Bootstrapping Spring Data JPA repositories in DEFAULT mode.
2024-09-11T17:25:20.337+09:00  INFO 57843 --- [    Test worker] .s.d.r.c.RepositoryConfigurationDelegate : Finished Spring Data repository scanning in 11 ms. Found 2 JPA repository interfaces.
2024-09-11T17:25:20.457+09:00  INFO 57843 --- [    Test worker] o.hibernate.jpa.internal.util.LogHelper  : HHH000204: Processing PersistenceUnitInfo [name: default]
2024-09-11T17:25:20.472+09:00  INFO 57843 --- [    Test worker] org.hibernate.Version                    : HHH000412: Hibernate ORM core version 6.5.2.Final
2024-09-11T17:25:20.481+09:00  INFO 57843 --- [    Test worker] o.h.c.internal.RegionFactoryInitiator    : HHH000026: Second-level cache disabled
2024-09-11T17:25:20.563+09:00  INFO 57843 --- [    Test worker] o.s.o.j.p.SpringPersistenceUnitInfo      : No LoadTimeWeaver setup: ignoring JPA class transformer
2024-09-11T17:25:20.571+09:00  INFO 57843 --- [    Test worker] com.zaxxer.hikari.HikariDataSource       : HikariPool-1 - Starting...
2024-09-11T17:25:20.670+09:00  INFO 57843 --- [    Test worker] com.zaxxer.hikari.pool.HikariPool        : HikariPool-1 - Added connection com.mysql.cj.jdbc.ConnectionImpl@644947ee
2024-09-11T17:25:20.671+09:00  INFO 57843 --- [    Test worker] com.zaxxer.hikari.HikariDataSource       : HikariPool-1 - Start completed.
2024-09-11T17:25:20.950+09:00  INFO 57843 --- [    Test worker] o.h.e.t.j.p.i.JtaPlatformInitiator       : HHH000489: No JTA platform available (set 'hibernate.transaction.jta.platform' to enable JTA platform integration)
2024-09-11T17:25:20.984+09:00  INFO 57843 --- [    Test worker] j.LocalContainerEntityManagerFactoryBean : Initialized JPA EntityManagerFactory for persistence unit 'default'
2024-09-11T17:25:21.031+09:00  WARN 57843 --- [    Test worker] JpaBaseConfiguration$JpaWebConfiguration : spring.jpa.open-in-view is enabled by default. Therefore, database queries may be performed during view rendering. Explicitly configure spring.jpa.open-in-view to disable this warning
2024-09-11T17:25:21.209+09:00  INFO 57843 --- [    Test worker] c.ceos20.instagram.PostRepositoryTest    : Started PostRepositoryTest in 1.132 seconds (process running for 1.463)
Hibernate: 
    insert 
    into
        user
        (password, user_name) 
    values
        (?, ?)
Hibernate: 
    select
        p1_0.post_id,
        p1_0.caption,
        p1_0.created_at,
        p1_0.image_url,
        p1_0.user_id 
    from
        post p1_0
Hibernate: 
    insert 
    into
        post
        (caption, created_at, image_url, user_id) 
    values
        (?, ?, ?, ?)
Hibernate: 
    insert 
    into
        post
        (caption, created_at, image_url, user_id) 
    values
        (?, ?, ?, ?)
Hibernate: 
    insert 
    into
        post
        (caption, created_at, image_url, user_id) 
    values
        (?, ?, ?, ?)
Hibernate: 
    delete 
    from
        post 
    where
        post_id=?
Hibernate: 
    delete 
    from
        post 
    where
        post_id=?
Hibernate: 
    delete 
    from
        post 
    where
        post_id=?
Hibernate: 
    select
        p1_0.post_id,
        p1_0.caption,
        p1_0.created_at,
        p1_0.image_url,
        p1_0.user_id 
    from
        post p1_0
2024-09-11T17:25:21.544+09:00  INFO 57843 --- [    Test worker] j.LocalContainerEntityManagerFactoryBean : Closing JPA EntityManagerFactory for persistence unit 'default'
2024-09-11T17:25:21.545+09:00  INFO 57843 --- [    Test worker] com.zaxxer.hikari.HikariDataSource       : HikariPool-1 - Shutdown initiated...
2024-09-11T17:25:21.548+09:00  INFO 57843 --- [    Test worker] com.zaxxer.hikari.HikariDataSource       : HikariPool-1 - Shutdown completed.
]]></system-out>
  <system-err><![CDATA[]]></system-err>
</testsuite>
