<?xml version="1.0" encoding="UTF-8"?>
<testsuite name="com.ceos20.instagram.PostRepositoryTest" tests="2" skipped="0" failures="0" errors="0" timestamp="2024-09-23T07:08:47" hostname="gim-yeonsuui-MacBookPro.local" time="0.553">
  <properties/>
  <testcase name="update_test()" classname="com.ceos20.instagram.PostRepositoryTest" time="0.364"/>
  <testcase name="save_test()" classname="com.ceos20.instagram.PostRepositoryTest" time="0.185"/>
  <system-out><![CDATA[16:08:46.196 [Test worker] INFO org.springframework.test.context.support.AnnotationConfigContextLoaderUtils -- Could not detect default configuration classes for test class [com.ceos20.instagram.PostRepositoryTest]: PostRepositoryTest does not declare any static, non-private, non-final, nested classes annotated with @Configuration.
16:08:46.230 [Test worker] INFO org.springframework.boot.test.context.SpringBootTestContextBootstrapper -- Found @SpringBootConfiguration com.ceos20.instagram.InstagramApplication for test class com.ceos20.instagram.PostRepositoryTest

  .   ____          _            __ _ _
 /\\ / ___'_ __ _ _(_)_ __  __ _ \ \ \ \
( ( )\___ | '_ | '_| | '_ \/ _` | \ \ \ \
 \\/  ___)| |_)| | | | | || (_| |  ) ) ) )
  '  |____| .__|_| |_|_| |_\__, | / / / /
 =========|_|==============|___/=/_/_/_/

 :: Spring Boot ::                (v3.3.3)

2024-09-23T16:08:46.364+09:00  INFO 1388 --- [    Test worker] c.ceos20.instagram.PostRepositoryTest    : Starting PostRepositoryTest using Java 17.0.12 with PID 1388 (started by yeonsookim in /Users/yeonsookim/spring-instagram-20th)
2024-09-23T16:08:46.365+09:00  INFO 1388 --- [    Test worker] c.ceos20.instagram.PostRepositoryTest    : No active profile set, falling back to 1 default profile: "default"
2024-09-23T16:08:46.558+09:00  INFO 1388 --- [    Test worker] .s.d.r.c.RepositoryConfigurationDelegate : Bootstrapping Spring Data JPA repositories in DEFAULT mode.
2024-09-23T16:08:46.574+09:00  INFO 1388 --- [    Test worker] .s.d.r.c.RepositoryConfigurationDelegate : Finished Spring Data repository scanning in 12 ms. Found 1 JPA repository interface.
2024-09-23T16:08:46.709+09:00  INFO 1388 --- [    Test worker] o.hibernate.jpa.internal.util.LogHelper  : HHH000204: Processing PersistenceUnitInfo [name: default]
2024-09-23T16:08:46.729+09:00  INFO 1388 --- [    Test worker] org.hibernate.Version                    : HHH000412: Hibernate ORM core version 6.5.2.Final
2024-09-23T16:08:46.739+09:00  INFO 1388 --- [    Test worker] o.h.c.internal.RegionFactoryInitiator    : HHH000026: Second-level cache disabled
2024-09-23T16:08:46.834+09:00  INFO 1388 --- [    Test worker] o.s.o.j.p.SpringPersistenceUnitInfo      : No LoadTimeWeaver setup: ignoring JPA class transformer
2024-09-23T16:08:46.843+09:00  INFO 1388 --- [    Test worker] com.zaxxer.hikari.HikariDataSource       : HikariPool-1 - Starting...
2024-09-23T16:08:46.997+09:00  INFO 1388 --- [    Test worker] com.zaxxer.hikari.pool.HikariPool        : HikariPool-1 - Added connection com.mysql.cj.jdbc.ConnectionImpl@4fc3529
2024-09-23T16:08:46.998+09:00  INFO 1388 --- [    Test worker] com.zaxxer.hikari.HikariDataSource       : HikariPool-1 - Start completed.
2024-09-23T16:08:47.323+09:00  INFO 1388 --- [    Test worker] o.h.m.i.EntityInstantiatorPojoStandard   : HHH000182: No default (no-argument) constructor for class: com.ceos20.instagram.Domain.Follow (class must be instantiated by Interceptor)
2024-09-23T16:08:47.338+09:00  INFO 1388 --- [    Test worker] o.h.m.i.EntityInstantiatorPojoStandard   : HHH000182: No default (no-argument) constructor for class: com.ceos20.instagram.Domain.Likes (class must be instantiated by Interceptor)
2024-09-23T16:08:47.405+09:00  INFO 1388 --- [    Test worker] o.h.e.t.j.p.i.JtaPlatformInitiator       : HHH000489: No JTA platform available (set 'hibernate.transaction.jta.platform' to enable JTA platform integration)
2024-09-23T16:08:47.486+09:00  INFO 1388 --- [    Test worker] j.LocalContainerEntityManagerFactoryBean : Initialized JPA EntityManagerFactory for persistence unit 'default'
2024-09-23T16:08:47.558+09:00  WARN 1388 --- [    Test worker] JpaBaseConfiguration$JpaWebConfiguration : spring.jpa.open-in-view is enabled by default. Therefore, database queries may be performed during view rendering. Explicitly configure spring.jpa.open-in-view to disable this warning
2024-09-23T16:08:47.742+09:00  INFO 1388 --- [    Test worker] c.ceos20.instagram.PostRepositoryTest    : Started PostRepositoryTest in 1.46 seconds (process running for 1.819)
Hibernate: 
    insert 
    into
        user
        (email, password) 
    values
        (?, ?)
Hibernate: 
    insert 
    into
        post
        (caption, created_at, image_url, user_id) 
    values
        (?, ?, ?, ?)
Hibernate: 
    insert 
    into
        post
        (caption, created_at, image_url, user_id) 
    values
        (?, ?, ?, ?)
Hibernate: 
    insert 
    into
        user
        (email, password) 
    values
        (?, ?)
Hibernate: 
    delete p1_0 
    from
        post p1_0
Hibernate: 
    insert 
    into
        post
        (caption, created_at, image_url, user_id) 
    values
        (?, ?, ?, ?)
Hibernate: 
    insert 
    into
        post
        (caption, created_at, image_url, user_id) 
    values
        (?, ?, ?, ?)
Hibernate: 
    insert 
    into
        post
        (caption, created_at, image_url, user_id) 
    values
        (?, ?, ?, ?)
Hibernate: 
    select
        p1_0.post_id,
        p1_0.caption,
        p1_0.created_at,
        p1_0.image_url,
        p1_0.user_id 
    from
        post p1_0
2024-09-23T16:08:48.298+09:00  INFO 1388 --- [    Test worker] j.LocalContainerEntityManagerFactoryBean : Closing JPA EntityManagerFactory for persistence unit 'default'
2024-09-23T16:08:48.299+09:00  INFO 1388 --- [    Test worker] com.zaxxer.hikari.HikariDataSource       : HikariPool-1 - Shutdown initiated...
2024-09-23T16:08:48.302+09:00  INFO 1388 --- [    Test worker] com.zaxxer.hikari.HikariDataSource       : HikariPool-1 - Shutdown completed.
]]></system-out>
  <system-err><![CDATA[]]></system-err>
</testsuite>
